{"C:\\Users\\JITESH RAGHAV\\Desktop\\React\\src\\components\\Contact.jsx": {"path":"C:\\Users\\JITESH RAGHAV\\Desktop\\React\\src\\components\\Contact.jsx","statementMap":{"0":{"start":{"line":1,"column":15},"end":{"line":22,"column":1}},"1":{"start":{"line":2,"column":4},"end":{"line":21,"column":6}}},"fnMap":{"0":{"name":"(anonymous_0)","decl":{"start":{"line":1,"column":15},"end":{"line":1,"column":16}},"loc":{"start":{"line":1,"column":19},"end":{"line":22,"column":1}},"line":1}},"branchMap":{},"s":{"0":1,"1":1},"f":{"0":1},"b":{},"_coverageSchema":"1a1c01bbd47fc00a2c39e90264f33305004495a9","hash":"ef1f83c3e325588e7ef09ed135091e5bd64a4462"}
,"C:\\Users\\JITESH RAGHAV\\Desktop\\React\\src\\components\\sum.jsx": {"path":"C:\\Users\\JITESH RAGHAV\\Desktop\\React\\src\\components\\sum.jsx","statementMap":{"0":{"start":{"line":1,"column":19},"end":{"line":3,"column":3}},"1":{"start":{"line":2,"column":4},"end":{"line":2,"column":17}}},"fnMap":{"0":{"name":"(anonymous_0)","decl":{"start":{"line":1,"column":19},"end":{"line":1,"column":20}},"loc":{"start":{"line":1,"column":29},"end":{"line":3,"column":3}},"line":1}},"branchMap":{},"s":{"0":1,"1":1},"f":{"0":1},"b":{},"_coverageSchema":"1a1c01bbd47fc00a2c39e90264f33305004495a9","hash":"49459710344ab92dda3d74adaf21e9e281b4ebc4"}
}
